2025-02-11 08:41:12.678  INFO 39860 --- [main] reAppointmentManagementSystemApplication : Starting HealthcareAppointmentManagementSystemApplication using Java 11.0.26 on ip-172-31-23-81 with PID 39860 (/home/ubuntu/root/server/target/classes started by ubuntu in /home/ubuntu/root/server)
2025-02-11 08:41:12.685  INFO 39860 --- [main] reAppointmentManagementSystemApplication : No active profile set, falling back to 1 default profile: "default"
2025-02-11 08:41:13.239  INFO 39860 --- [main] .s.d.r.c.RepositoryConfigurationDelegate : Bootstrapping Spring Data JPA repositories in DEFAULT mode.
2025-02-11 08:41:13.288  INFO 39860 --- [main] .s.d.r.c.RepositoryConfigurationDelegate : Finished Spring Data repository scanning in 43 ms. Found 6 JPA repository interfaces.
2025-02-11 08:41:13.668  INFO 39860 --- [main] o.s.b.w.embedded.tomcat.TomcatWebServer  : Tomcat initialized with port(s): 5000 (http)
2025-02-11 08:41:13.673  INFO 39860 --- [main] o.apache.catalina.core.StandardService   : Starting service [Tomcat]
2025-02-11 08:41:13.673  INFO 39860 --- [main] org.apache.catalina.core.StandardEngine  : Starting Servlet engine: [Apache Tomcat/9.0.82]
2025-02-11 08:41:13.730  INFO 39860 --- [main] o.a.c.c.C.[Tomcat].[localhost].[/]       : Initializing Spring embedded WebApplicationContext
2025-02-11 08:41:13.730  INFO 39860 --- [main] w.s.c.ServletWebServerApplicationContext : Root WebApplicationContext: initialization completed in 1008 ms
2025-02-11 08:41:13.743 ERROR 39860 --- [main] o.s.b.web.embedded.tomcat.TomcatStarter  : Error starting Tomcat context. Exception: org.springframework.beans.factory.UnsatisfiedDependencyException. Message: Error creating bean with name 'jwtRequestFilter' defined in file [/home/ubuntu/root/server/target/classes/com/wecp/healthcare_appointment_management_system/jwt/JwtRequestFilter.class]: Unsatisfied dependency expressed through constructor parameter 0; nested exception is org.springframework.beans.factory.BeanCreationException: Error creating bean with name 'userService' defined in file [/home/ubuntu/root/server/target/classes/com/wecp/healthcare_appointment_management_system/service/UserService.class]: Instantiation of bean failed; nested exception is java.lang.ExceptionInInitializerError
2025-02-11 08:41:13.757  INFO 39860 --- [main] o.apache.catalina.core.StandardService   : Stopping service [Tomcat]
2025-02-11 08:41:13.765  WARN 39860 --- [main] ConfigServletWebServerApplicationContext : Exception encountered during context initialization - cancelling refresh attempt: org.springframework.context.ApplicationContextException: Unable to start web server; nested exception is org.springframework.boot.web.server.WebServerException: Unable to start embedded Tomcat
2025-02-11 08:41:13.773  INFO 39860 --- [main] ConditionEvaluationReportLoggingListener : 

Error starting ApplicationContext. To display the conditions report re-run your application with 'debug' enabled.
2025-02-11 08:41:13.787 ERROR 39860 --- [main] o.s.boot.SpringApplication               : Application run failed

org.springframework.context.ApplicationContextException: Unable to start web server; nested exception is org.springframework.boot.web.server.WebServerException: Unable to start embedded Tomcat
	at org.springframework.boot.web.servlet.context.ServletWebServerApplicationContext.onRefresh(ServletWebServerApplicationContext.java:165) ~[spring-boot-2.7.17.jar:2.7.17]
	at org.springframework.context.support.AbstractApplicationContext.refresh(AbstractApplicationContext.java:577) ~[spring-context-5.3.30.jar:5.3.30]
	at org.springframework.boot.web.servlet.context.ServletWebServerApplicationContext.refresh(ServletWebServerApplicationContext.java:147) ~[spring-boot-2.7.17.jar:2.7.17]
	at org.springframework.boot.SpringApplication.refresh(SpringApplication.java:732) ~[spring-boot-2.7.17.jar:2.7.17]
	at org.springframework.boot.SpringApplication.refreshContext(SpringApplication.java:409) ~[spring-boot-2.7.17.jar:2.7.17]
	at org.springframework.boot.SpringApplication.run(SpringApplication.java:308) ~[spring-boot-2.7.17.jar:2.7.17]
	at org.springframework.boot.SpringApplication.run(SpringApplication.java:1300) ~[spring-boot-2.7.17.jar:2.7.17]
	at org.springframework.boot.SpringApplication.run(SpringApplication.java:1289) ~[spring-boot-2.7.17.jar:2.7.17]
	at com.wecp.healthcare_appointment_management_system.HealthcareAppointmentManagementSystemApplication.main(HealthcareAppointmentManagementSystemApplication.java:10) ~[classes/:na]
Caused by: org.springframework.boot.web.server.WebServerException: Unable to start embedded Tomcat
	at org.springframework.boot.web.embedded.tomcat.TomcatWebServer.initialize(TomcatWebServer.java:142) ~[spring-boot-2.7.17.jar:2.7.17]
	at org.springframework.boot.web.embedded.tomcat.TomcatWebServer.<init>(TomcatWebServer.java:104) ~[spring-boot-2.7.17.jar:2.7.17]
	at org.springframework.boot.web.embedded.tomcat.TomcatServletWebServerFactory.getTomcatWebServer(TomcatServletWebServerFactory.java:481) ~[spring-boot-2.7.17.jar:2.7.17]
	at org.springframework.boot.web.embedded.tomcat.TomcatServletWebServerFactory.getWebServer(TomcatServletWebServerFactory.java:211) ~[spring-boot-2.7.17.jar:2.7.17]
	at org.springframework.boot.web.servlet.context.ServletWebServerApplicationContext.createWebServer(ServletWebServerApplicationContext.java:184) ~[spring-boot-2.7.17.jar:2.7.17]
	at org.springframework.boot.web.servlet.context.ServletWebServerApplicationContext.onRefresh(ServletWebServerApplicationContext.java:162) ~[spring-boot-2.7.17.jar:2.7.17]
	... 8 common frames omitted
Caused by: org.springframework.beans.factory.UnsatisfiedDependencyException: Error creating bean with name 'jwtRequestFilter' defined in file [/home/ubuntu/root/server/target/classes/com/wecp/healthcare_appointment_management_system/jwt/JwtRequestFilter.class]: Unsatisfied dependency expressed through constructor parameter 0; nested exception is org.springframework.beans.factory.BeanCreationException: Error creating bean with name 'userService' defined in file [/home/ubuntu/root/server/target/classes/com/wecp/healthcare_appointment_management_system/service/UserService.class]: Instantiation of bean failed; nested exception is java.lang.ExceptionInInitializerError
	at org.springframework.beans.factory.support.ConstructorResolver.createArgumentArray(ConstructorResolver.java:801) ~[spring-beans-5.3.30.jar:5.3.30]
	at org.springframework.beans.factory.support.ConstructorResolver.autowireConstructor(ConstructorResolver.java:224) ~[spring-beans-5.3.30.jar:5.3.30]
	at org.springframework.beans.factory.support.AbstractAutowireCapableBeanFactory.autowireConstructor(AbstractAutowireCapableBeanFactory.java:1372) ~[spring-beans-5.3.30.jar:5.3.30]
	at org.springframework.beans.factory.support.AbstractAutowireCapableBeanFactory.createBeanInstance(AbstractAutowireCapableBeanFactory.java:1222) ~[spring-beans-5.3.30.jar:5.3.30]
	at org.springframework.beans.factory.support.AbstractAutowireCapableBeanFactory.doCreateBean(AbstractAutowireCapableBeanFactory.java:582) ~[spring-beans-5.3.30.jar:5.3.30]
	at org.springframework.beans.factory.support.AbstractAutowireCapableBeanFactory.createBean(AbstractAutowireCapableBeanFactory.java:542) ~[spring-beans-5.3.30.jar:5.3.30]
	at org.springframework.beans.factory.support.AbstractBeanFactory.lambda$doGetBean$0(AbstractBeanFactory.java:335) ~[spring-beans-5.3.30.jar:5.3.30]
	at org.springframework.beans.factory.support.DefaultSingletonBeanRegistry.getSingleton(DefaultSingletonBeanRegistry.java:234) ~[spring-beans-5.3.30.jar:5.3.30]
	at org.springframework.beans.factory.support.AbstractBeanFactory.doGetBean(AbstractBeanFactory.java:333) ~[spring-beans-5.3.30.jar:5.3.30]
	at org.springframework.beans.factory.support.AbstractBeanFactory.getBean(AbstractBeanFactory.java:213) ~[spring-beans-5.3.30.jar:5.3.30]
	at org.springframework.boot.web.servlet.ServletContextInitializerBeans.getOrderedBeansOfType(ServletContextInitializerBeans.java:213) ~[spring-boot-2.7.17.jar:2.7.17]
	at org.springframework.boot.web.servlet.ServletContextInitializerBeans.addAsRegistrationBean(ServletContextInitializerBeans.java:176) ~[spring-boot-2.7.17.jar:2.7.17]
	at org.springframework.boot.web.servlet.ServletContextInitializerBeans.addAsRegistrationBean(ServletContextInitializerBeans.java:171) ~[spring-boot-2.7.17.jar:2.7.17]
	at org.springframework.boot.web.servlet.ServletContextInitializerBeans.addAdaptableBeans(ServletContextInitializerBeans.java:156) ~[spring-boot-2.7.17.jar:2.7.17]
	at org.springframework.boot.web.servlet.ServletContextInitializerBeans.<init>(ServletContextInitializerBeans.java:87) ~[spring-boot-2.7.17.jar:2.7.17]
	at org.springframework.boot.web.servlet.context.ServletWebServerApplicationContext.getServletContextInitializerBeans(ServletWebServerApplicationContext.java:262) ~[spring-boot-2.7.17.jar:2.7.17]
	at org.springframework.boot.web.servlet.context.ServletWebServerApplicationContext.selfInitialize(ServletWebServerApplicationContext.java:236) ~[spring-boot-2.7.17.jar:2.7.17]
	at org.springframework.boot.web.embedded.tomcat.TomcatStarter.onStartup(TomcatStarter.java:53) ~[spring-boot-2.7.17.jar:2.7.17]
	at org.apache.catalina.core.StandardContext.startInternal(StandardContext.java:4904) ~[tomcat-embed-core-9.0.82.jar:9.0.82]
	at org.apache.catalina.util.LifecycleBase.start(LifecycleBase.java:171) ~[tomcat-embed-core-9.0.82.jar:9.0.82]
	at org.apache.catalina.core.ContainerBase$StartChild.call(ContainerBase.java:1332) ~[tomcat-embed-core-9.0.82.jar:9.0.82]
	at org.apache.catalina.core.ContainerBase$StartChild.call(ContainerBase.java:1322) ~[tomcat-embed-core-9.0.82.jar:9.0.82]
	at java.base/java.util.concurrent.FutureTask.run(FutureTask.java:264) ~[na:na]
	at org.apache.tomcat.util.threads.InlineExecutorService.execute(InlineExecutorService.java:75) ~[tomcat-embed-core-9.0.82.jar:9.0.82]
	at java.base/java.util.concurrent.AbstractExecutorService.submit(AbstractExecutorService.java:140) ~[na:na]
	at org.apache.catalina.core.ContainerBase.startInternal(ContainerBase.java:866) ~[tomcat-embed-core-9.0.82.jar:9.0.82]
	at org.apache.catalina.core.StandardHost.startInternal(StandardHost.java:794) ~[tomcat-embed-core-9.0.82.jar:9.0.82]
	at org.apache.catalina.util.LifecycleBase.start(LifecycleBase.java:171) ~[tomcat-embed-core-9.0.82.jar:9.0.82]
	at org.apache.catalina.core.ContainerBase$StartChild.call(ContainerBase.java:1332) ~[tomcat-embed-core-9.0.82.jar:9.0.82]
	at org.apache.catalina.core.ContainerBase$StartChild.call(ContainerBase.java:1322) ~[tomcat-embed-core-9.0.82.jar:9.0.82]
	at java.base/java.util.concurrent.FutureTask.run(FutureTask.java:264) ~[na:na]
	at org.apache.tomcat.util.threads.InlineExecutorService.execute(InlineExecutorService.java:75) ~[tomcat-embed-core-9.0.82.jar:9.0.82]
	at java.base/java.util.concurrent.AbstractExecutorService.submit(AbstractExecutorService.java:140) ~[na:na]
	at org.apache.catalina.core.ContainerBase.startInternal(ContainerBase.java:866) ~[tomcat-embed-core-9.0.82.jar:9.0.82]
	at org.apache.catalina.core.StandardEngine.startInternal(StandardEngine.java:248) ~[tomcat-embed-core-9.0.82.jar:9.0.82]
	at org.apache.catalina.util.LifecycleBase.start(LifecycleBase.java:171) ~[tomcat-embed-core-9.0.82.jar:9.0.82]
	at org.apache.catalina.core.StandardService.startInternal(StandardService.java:433) ~[tomcat-embed-core-9.0.82.jar:9.0.82]
	at org.apache.catalina.util.LifecycleBase.start(LifecycleBase.java:171) ~[tomcat-embed-core-9.0.82.jar:9.0.82]
	at org.apache.catalina.core.StandardServer.startInternal(StandardServer.java:921) ~[tomcat-embed-core-9.0.82.jar:9.0.82]
	at org.apache.catalina.util.LifecycleBase.start(LifecycleBase.java:171) ~[tomcat-embed-core-9.0.82.jar:9.0.82]
	at org.apache.catalina.startup.Tomcat.start(Tomcat.java:489) ~[tomcat-embed-core-9.0.82.jar:9.0.82]
	at org.springframework.boot.web.embedded.tomcat.TomcatWebServer.initialize(TomcatWebServer.java:123) ~[spring-boot-2.7.17.jar:2.7.17]
	... 13 common frames omitted
Caused by: org.springframework.beans.factory.BeanCreationException: Error creating bean with name 'userService' defined in file [/home/ubuntu/root/server/target/classes/com/wecp/healthcare_appointment_management_system/service/UserService.class]: Instantiation of bean failed; nested exception is java.lang.ExceptionInInitializerError
	at org.springframework.beans.factory.support.AbstractAutowireCapableBeanFactory.instantiateBean(AbstractAutowireCapableBeanFactory.java:1334) ~[spring-beans-5.3.30.jar:5.3.30]
	at org.springframework.beans.factory.support.AbstractAutowireCapableBeanFactory.createBeanInstance(AbstractAutowireCapableBeanFactory.java:1232) ~[spring-beans-5.3.30.jar:5.3.30]
	at org.springframework.beans.factory.support.AbstractAutowireCapableBeanFactory.doCreateBean(AbstractAutowireCapableBeanFactory.java:582) ~[spring-beans-5.3.30.jar:5.3.30]
	at org.springframework.beans.factory.support.AbstractAutowireCapableBeanFactory.createBean(AbstractAutowireCapableBeanFactory.java:542) ~[spring-beans-5.3.30.jar:5.3.30]
	at org.springframework.beans.factory.support.AbstractBeanFactory.lambda$doGetBean$0(AbstractBeanFactory.java:335) ~[spring-beans-5.3.30.jar:5.3.30]
	at org.springframework.beans.factory.support.DefaultSingletonBeanRegistry.getSingleton(DefaultSingletonBeanRegistry.java:234) ~[spring-beans-5.3.30.jar:5.3.30]
	at org.springframework.beans.factory.support.AbstractBeanFactory.doGetBean(AbstractBeanFactory.java:333) ~[spring-beans-5.3.30.jar:5.3.30]
	at org.springframework.beans.factory.support.AbstractBeanFactory.getBean(AbstractBeanFactory.java:208) ~[spring-beans-5.3.30.jar:5.3.30]
	at org.springframework.beans.factory.config.DependencyDescriptor.resolveCandidate(DependencyDescriptor.java:276) ~[spring-beans-5.3.30.jar:5.3.30]
	at org.springframework.beans.factory.support.DefaultListableBeanFactory.doResolveDependency(DefaultListableBeanFactory.java:1391) ~[spring-beans-5.3.30.jar:5.3.30]
	at org.springframework.beans.factory.support.DefaultListableBeanFactory.resolveDependency(DefaultListableBeanFactory.java:1311) ~[spring-beans-5.3.30.jar:5.3.30]
	at org.springframework.beans.factory.support.ConstructorResolver.resolveAutowiredArgument(ConstructorResolver.java:911) ~[spring-beans-5.3.30.jar:5.3.30]
	at org.springframework.beans.factory.support.ConstructorResolver.createArgumentArray(ConstructorResolver.java:788) ~[spring-beans-5.3.30.jar:5.3.30]
	... 54 common frames omitted
Caused by: java.lang.ExceptionInInitializerError: null
	at java.base/jdk.internal.reflect.NativeConstructorAccessorImpl.newInstance0(Native Method) ~[na:na]
	at java.base/jdk.internal.reflect.NativeConstructorAccessorImpl.newInstance(NativeConstructorAccessorImpl.java:62) ~[na:na]
	at java.base/jdk.internal.reflect.DelegatingConstructorAccessorImpl.newInstance(DelegatingConstructorAccessorImpl.java:45) ~[na:na]
	at java.base/java.lang.reflect.Constructor.newInstance(Constructor.java:490) ~[na:na]
	at org.springframework.beans.BeanUtils.instantiateClass(BeanUtils.java:211) ~[spring-beans-5.3.30.jar:5.3.30]
	at org.springframework.beans.factory.support.SimpleInstantiationStrategy.instantiate(SimpleInstantiationStrategy.java:87) ~[spring-beans-5.3.30.jar:5.3.30]
	at org.springframework.beans.factory.support.AbstractAutowireCapableBeanFactory.instantiateBean(AbstractAutowireCapableBeanFactory.java:1326) ~[spring-beans-5.3.30.jar:5.3.30]
	... 66 common frames omitted
Caused by: java.lang.ClassCastException: class ch.qos.logback.classic.Logger cannot be cast to class java.util.logging.Logger (ch.qos.logback.classic.Logger is in unnamed module of loader 'app'; java.util.logging.Logger is in module java.logging of loader 'bootstrap')
	at com.wecp.healthcare_appointment_management_system.service.UserService.<clinit>(UserService.java:48) ~[classes/:na]
	... 73 common frames omitted

2025-02-11 08:44:21.054  INFO 41692 --- [main] reAppointmentManagementSystemApplication : Starting HealthcareAppointmentManagementSystemApplication using Java 11.0.26 on ip-172-31-23-81 with PID 41692 (/home/ubuntu/root/server/target/classes started by ubuntu in /home/ubuntu/root/server)
2025-02-11 08:44:21.057  INFO 41692 --- [main] reAppointmentManagementSystemApplication : No active profile set, falling back to 1 default profile: "default"
2025-02-11 08:44:21.620  INFO 41692 --- [main] .s.d.r.c.RepositoryConfigurationDelegate : Bootstrapping Spring Data JPA repositories in DEFAULT mode.
2025-02-11 08:44:21.667  INFO 41692 --- [main] .s.d.r.c.RepositoryConfigurationDelegate : Finished Spring Data repository scanning in 42 ms. Found 6 JPA repository interfaces.
2025-02-11 08:44:22.028  INFO 41692 --- [main] o.s.b.w.embedded.tomcat.TomcatWebServer  : Tomcat initialized with port(s): 5000 (http)
2025-02-11 08:44:22.033  INFO 41692 --- [main] o.apache.catalina.core.StandardService   : Starting service [Tomcat]
2025-02-11 08:44:22.033  INFO 41692 --- [main] org.apache.catalina.core.StandardEngine  : Starting Servlet engine: [Apache Tomcat/9.0.82]
2025-02-11 08:44:22.088  INFO 41692 --- [main] o.a.c.c.C.[Tomcat].[localhost].[/]       : Initializing Spring embedded WebApplicationContext
2025-02-11 08:44:22.088  INFO 41692 --- [main] w.s.c.ServletWebServerApplicationContext : Root WebApplicationContext: initialization completed in 990 ms
2025-02-11 08:44:22.195  INFO 41692 --- [main] o.hibernate.jpa.internal.util.LogHelper  : HHH000204: Processing PersistenceUnitInfo [name: default]
2025-02-11 08:44:22.213  INFO 41692 --- [main] org.hibernate.Version                    : HHH000412: Hibernate ORM core version 5.6.15.Final
2025-02-11 08:44:22.269  INFO 41692 --- [main] o.hibernate.annotations.common.Version   : HCANN000001: Hibernate Commons Annotations {5.1.2.Final}
2025-02-11 08:44:22.310  INFO 41692 --- [main] com.zaxxer.hikari.HikariDataSource       : HikariPool-1 - Starting...
2025-02-11 08:44:22.535  INFO 41692 --- [main] com.zaxxer.hikari.HikariDataSource       : HikariPool-1 - Start completed.
2025-02-11 08:44:22.542  INFO 41692 --- [main] org.hibernate.dialect.Dialect            : HHH000400: Using dialect: org.hibernate.dialect.MySQL5Dialect
2025-02-11 08:44:23.111  INFO 41692 --- [main] o.h.e.t.j.p.i.JtaPlatformInitiator       : HHH000490: Using JtaPlatform implementation: [org.hibernate.engine.transaction.jta.platform.internal.NoJtaPlatform]
2025-02-11 08:44:23.118  INFO 41692 --- [main] j.LocalContainerEntityManagerFactoryBean : Initialized JPA EntityManagerFactory for persistence unit 'default'
2025-02-11 08:44:23.451  WARN 41692 --- [main] JpaBaseConfiguration$JpaWebConfiguration : spring.jpa.open-in-view is enabled by default. Therefore, database queries may be performed during view rendering. Explicitly configure spring.jpa.open-in-view to disable this warning
2025-02-11 08:44:23.740  INFO 41692 --- [main] o.s.s.web.DefaultSecurityFilterChain     : Will secure any request with [org.springframework.security.web.session.DisableEncodeUrlFilter@782143e8, org.springframework.security.web.context.request.async.WebAsyncManagerIntegrationFilter@2a4bd699, org.springframework.security.web.context.SecurityContextPersistenceFilter@a302f30, org.springframework.security.web.header.HeaderWriterFilter@2e2cd42c, org.springframework.web.filter.CorsFilter@6003eb60, org.springframework.security.web.authentication.logout.LogoutFilter@66d44581, com.wecp.healthcare_appointment_management_system.jwt.JwtRequestFilter@75c15f76, org.springframework.security.web.savedrequest.RequestCacheAwareFilter@744f0e0b, org.springframework.security.web.servletapi.SecurityContextHolderAwareRequestFilter@19f99aaf, org.springframework.security.web.authentication.AnonymousAuthenticationFilter@571e2f15, org.springframework.security.web.session.SessionManagementFilter@6fafbdac, org.springframework.security.web.access.ExceptionTranslationFilter@374ba492, org.springframework.security.web.access.intercept.FilterSecurityInterceptor@41b2123e]
2025-02-11 08:44:23.894  INFO 41692 --- [main] o.s.b.w.embedded.tomcat.TomcatWebServer  : Tomcat started on port(s): 5000 (http) with context path ''
2025-02-11 08:44:23.902  INFO 41692 --- [main] reAppointmentManagementSystemApplication : Started HealthcareAppointmentManagementSystemApplication in 3.198 seconds (JVM running for 3.505)
2025-02-11 08:53:49.910  INFO 41692 --- [SpringApplicationShutdownHook] j.LocalContainerEntityManagerFactoryBean : Closing JPA EntityManagerFactory for persistence unit 'default'
2025-02-11 08:53:49.913  INFO 41692 --- [SpringApplicationShutdownHook] com.zaxxer.hikari.HikariDataSource       : HikariPool-1 - Shutdown initiated...
2025-02-11 08:53:49.932  INFO 41692 --- [SpringApplicationShutdownHook] com.zaxxer.hikari.HikariDataSource       : HikariPool-1 - Shutdown completed.
2025-02-11 08:53:53.983  INFO 45777 --- [main] reAppointmentManagementSystemApplication : Starting HealthcareAppointmentManagementSystemApplication using Java 11.0.26 on ip-172-31-23-81 with PID 45777 (/home/ubuntu/root/server/target/classes started by ubuntu in /home/ubuntu/root/server)
2025-02-11 08:53:53.986  INFO 45777 --- [main] reAppointmentManagementSystemApplication : No active profile set, falling back to 1 default profile: "default"
2025-02-11 08:53:54.543  INFO 45777 --- [main] .s.d.r.c.RepositoryConfigurationDelegate : Bootstrapping Spring Data JPA repositories in DEFAULT mode.
2025-02-11 08:53:54.593  INFO 45777 --- [main] .s.d.r.c.RepositoryConfigurationDelegate : Finished Spring Data repository scanning in 44 ms. Found 6 JPA repository interfaces.
2025-02-11 08:53:55.072  INFO 45777 --- [main] o.s.b.w.embedded.tomcat.TomcatWebServer  : Tomcat initialized with port(s): 5000 (http)
2025-02-11 08:53:55.080  INFO 45777 --- [main] o.apache.catalina.core.StandardService   : Starting service [Tomcat]
2025-02-11 08:53:55.080  INFO 45777 --- [main] org.apache.catalina.core.StandardEngine  : Starting Servlet engine: [Apache Tomcat/9.0.82]
2025-02-11 08:53:55.154  INFO 45777 --- [main] o.a.c.c.C.[Tomcat].[localhost].[/]       : Initializing Spring embedded WebApplicationContext
2025-02-11 08:53:55.154  INFO 45777 --- [main] w.s.c.ServletWebServerApplicationContext : Root WebApplicationContext: initialization completed in 1128 ms
2025-02-11 08:53:55.263  INFO 45777 --- [main] o.hibernate.jpa.internal.util.LogHelper  : HHH000204: Processing PersistenceUnitInfo [name: default]
2025-02-11 08:53:55.282  INFO 45777 --- [main] org.hibernate.Version                    : HHH000412: Hibernate ORM core version 5.6.15.Final
2025-02-11 08:53:55.343  INFO 45777 --- [main] o.hibernate.annotations.common.Version   : HCANN000001: Hibernate Commons Annotations {5.1.2.Final}
2025-02-11 08:53:55.385  INFO 45777 --- [main] com.zaxxer.hikari.HikariDataSource       : HikariPool-1 - Starting...
2025-02-11 08:53:55.604  INFO 45777 --- [main] com.zaxxer.hikari.HikariDataSource       : HikariPool-1 - Start completed.
2025-02-11 08:53:55.610  INFO 45777 --- [main] org.hibernate.dialect.Dialect            : HHH000400: Using dialect: org.hibernate.dialect.MySQL5Dialect
2025-02-11 08:53:56.205  INFO 45777 --- [main] o.h.e.t.j.p.i.JtaPlatformInitiator       : HHH000490: Using JtaPlatform implementation: [org.hibernate.engine.transaction.jta.platform.internal.NoJtaPlatform]
2025-02-11 08:53:56.213  INFO 45777 --- [main] j.LocalContainerEntityManagerFactoryBean : Initialized JPA EntityManagerFactory for persistence unit 'default'
2025-02-11 08:53:56.509  WARN 45777 --- [main] JpaBaseConfiguration$JpaWebConfiguration : spring.jpa.open-in-view is enabled by default. Therefore, database queries may be performed during view rendering. Explicitly configure spring.jpa.open-in-view to disable this warning
2025-02-11 08:53:56.841  INFO 45777 --- [main] o.s.s.web.DefaultSecurityFilterChain     : Will secure any request with [org.springframework.security.web.session.DisableEncodeUrlFilter@2f4fc18, org.springframework.security.web.context.request.async.WebAsyncManagerIntegrationFilter@7187078a, org.springframework.security.web.context.SecurityContextPersistenceFilter@19f99aaf, org.springframework.security.web.header.HeaderWriterFilter@314c28dc, org.springframework.web.filter.CorsFilter@6e612122, org.springframework.security.web.authentication.logout.LogoutFilter@444c0f9a, com.wecp.healthcare_appointment_management_system.jwt.JwtRequestFilter@5c0ece6d, org.springframework.security.web.savedrequest.RequestCacheAwareFilter@41463c56, org.springframework.security.web.servletapi.SecurityContextHolderAwareRequestFilter@34d5eac, org.springframework.security.web.authentication.AnonymousAuthenticationFilter@1d38cdde, org.springframework.security.web.session.SessionManagementFilter@5b324447, org.springframework.security.web.access.ExceptionTranslationFilter@3b6c740b, org.springframework.security.web.access.intercept.FilterSecurityInterceptor@6003eb60]
2025-02-11 08:53:56.972  INFO 45777 --- [main] o.s.b.w.embedded.tomcat.TomcatWebServer  : Tomcat started on port(s): 5000 (http) with context path ''
2025-02-11 08:53:56.980  INFO 45777 --- [main] reAppointmentManagementSystemApplication : Started HealthcareAppointmentManagementSystemApplication in 3.364 seconds (JVM running for 3.641)
2025-02-11 08:56:39.711  INFO 45777 --- [http-nio-5000-exec-1] o.a.c.c.C.[Tomcat].[localhost].[/]       : Initializing Spring DispatcherServlet 'dispatcherServlet'
2025-02-11 08:56:39.711  INFO 45777 --- [http-nio-5000-exec-1] o.s.web.servlet.DispatcherServlet        : Initializing Servlet 'dispatcherServlet'
2025-02-11 08:56:39.713  INFO 45777 --- [http-nio-5000-exec-1] o.s.web.servlet.DispatcherServlet        : Completed initialization in 2 ms
2025-02-11 08:56:39.882  INFO 45777 --- [http-nio-5000-exec-2] c.w.h.service.UserService                : Login attempt for user: null
2025-02-11 08:56:39.918 ERROR 45777 --- [http-nio-5000-exec-2] c.w.h.service.UserService                : Username not found: null
2025-02-11 08:58:24.412  INFO 45777 --- [http-nio-5000-exec-3] c.w.h.service.UserService                : Login attempt for user: tony
2025-02-11 08:58:24.527  INFO 45777 --- [http-nio-5000-exec-3] c.w.h.service.UserService                : User logged in successfully: tony
2025-02-11 09:37:55.350  INFO 45777 --- [http-nio-5000-exec-5] c.w.h.service.UserService                : Login attempt for user: tony
2025-02-11 09:37:55.434  INFO 45777 --- [http-nio-5000-exec-5] c.w.h.service.UserService                : User logged in successfully: tony
2025-02-11 09:54:24.199  INFO 45777 --- [SpringApplicationShutdownHook] j.LocalContainerEntityManagerFactoryBean : Closing JPA EntityManagerFactory for persistence unit 'default'
2025-02-11 09:54:24.201  INFO 45777 --- [SpringApplicationShutdownHook] com.zaxxer.hikari.HikariDataSource       : HikariPool-1 - Shutdown initiated...
2025-02-11 09:54:24.208  INFO 45777 --- [SpringApplicationShutdownHook] com.zaxxer.hikari.HikariDataSource       : HikariPool-1 - Shutdown completed.
2025-02-11 09:54:28.819  INFO 72662 --- [main] reAppointmentManagementSystemApplication : Starting HealthcareAppointmentManagementSystemApplication using Java 11.0.26 on ip-172-31-23-81 with PID 72662 (/home/ubuntu/root/server/target/classes started by ubuntu in /home/ubuntu/root/server)
2025-02-11 09:54:28.822  INFO 72662 --- [main] reAppointmentManagementSystemApplication : No active profile set, falling back to 1 default profile: "default"
2025-02-11 09:54:29.380  INFO 72662 --- [main] .s.d.r.c.RepositoryConfigurationDelegate : Bootstrapping Spring Data JPA repositories in DEFAULT mode.
2025-02-11 09:54:29.425  INFO 72662 --- [main] .s.d.r.c.RepositoryConfigurationDelegate : Finished Spring Data repository scanning in 38 ms. Found 6 JPA repository interfaces.
2025-02-11 09:54:29.809  INFO 72662 --- [main] o.s.b.w.embedded.tomcat.TomcatWebServer  : Tomcat initialized with port(s): 5000 (http)
2025-02-11 09:54:29.815  INFO 72662 --- [main] o.apache.catalina.core.StandardService   : Starting service [Tomcat]
2025-02-11 09:54:29.816  INFO 72662 --- [main] org.apache.catalina.core.StandardEngine  : Starting Servlet engine: [Apache Tomcat/9.0.82]
2025-02-11 09:54:29.877  INFO 72662 --- [main] o.a.c.c.C.[Tomcat].[localhost].[/]       : Initializing Spring embedded WebApplicationContext
2025-02-11 09:54:29.877  INFO 72662 --- [main] w.s.c.ServletWebServerApplicationContext : Root WebApplicationContext: initialization completed in 1011 ms
2025-02-11 09:54:29.986  INFO 72662 --- [main] o.hibernate.jpa.internal.util.LogHelper  : HHH000204: Processing PersistenceUnitInfo [name: default]
2025-02-11 09:54:30.004  INFO 72662 --- [main] org.hibernate.Version                    : HHH000412: Hibernate ORM core version 5.6.15.Final
2025-02-11 09:54:30.062  INFO 72662 --- [main] o.hibernate.annotations.common.Version   : HCANN000001: Hibernate Commons Annotations {5.1.2.Final}
2025-02-11 09:54:30.103  INFO 72662 --- [main] com.zaxxer.hikari.HikariDataSource       : HikariPool-1 - Starting...
2025-02-11 09:54:30.408  INFO 72662 --- [main] com.zaxxer.hikari.HikariDataSource       : HikariPool-1 - Start completed.
2025-02-11 09:54:30.419  INFO 72662 --- [main] org.hibernate.dialect.Dialect            : HHH000400: Using dialect: org.hibernate.dialect.MySQL5Dialect
2025-02-11 09:54:30.970  INFO 72662 --- [main] o.h.e.t.j.p.i.JtaPlatformInitiator       : HHH000490: Using JtaPlatform implementation: [org.hibernate.engine.transaction.jta.platform.internal.NoJtaPlatform]
2025-02-11 09:54:30.977  INFO 72662 --- [main] j.LocalContainerEntityManagerFactoryBean : Initialized JPA EntityManagerFactory for persistence unit 'default'
2025-02-11 09:54:31.300  WARN 72662 --- [main] JpaBaseConfiguration$JpaWebConfiguration : spring.jpa.open-in-view is enabled by default. Therefore, database queries may be performed during view rendering. Explicitly configure spring.jpa.open-in-view to disable this warning
2025-02-11 09:54:31.603  INFO 72662 --- [main] o.s.s.web.DefaultSecurityFilterChain     : Will secure any request with [org.springframework.security.web.session.DisableEncodeUrlFilter@73eae5f, org.springframework.security.web.context.request.async.WebAsyncManagerIntegrationFilter@4902c584, org.springframework.security.web.context.SecurityContextPersistenceFilter@629de8, org.springframework.security.web.header.HeaderWriterFilter@c7c07ff, org.springframework.web.filter.CorsFilter@7698a3d9, org.springframework.security.web.authentication.logout.LogoutFilter@599310ab, com.wecp.healthcare_appointment_management_system.jwt.JwtRequestFilter@1344f7fe, org.springframework.security.web.savedrequest.RequestCacheAwareFilter@1b6683c4, org.springframework.security.web.servletapi.SecurityContextHolderAwareRequestFilter@1be4a7e3, org.springframework.security.web.authentication.AnonymousAuthenticationFilter@4b62f1ba, org.springframework.security.web.session.SessionManagementFilter@143fe09c, org.springframework.security.web.access.ExceptionTranslationFilter@2f498f21, org.springframework.security.web.access.intercept.FilterSecurityInterceptor@35277c6c]
2025-02-11 09:54:31.730  INFO 72662 --- [main] o.s.b.w.embedded.tomcat.TomcatWebServer  : Tomcat started on port(s): 5000 (http) with context path ''
2025-02-11 09:54:31.738  INFO 72662 --- [main] reAppointmentManagementSystemApplication : Started HealthcareAppointmentManagementSystemApplication in 3.252 seconds (JVM running for 3.529)
2025-02-11 09:56:44.347  INFO 72662 --- [http-nio-5000-exec-1] o.a.c.c.C.[Tomcat].[localhost].[/]       : Initializing Spring DispatcherServlet 'dispatcherServlet'
2025-02-11 09:56:44.348  INFO 72662 --- [http-nio-5000-exec-1] o.s.web.servlet.DispatcherServlet        : Initializing Servlet 'dispatcherServlet'
2025-02-11 09:56:44.349  INFO 72662 --- [http-nio-5000-exec-1] o.s.web.servlet.DispatcherServlet        : Completed initialization in 1 ms
2025-02-11 09:59:21.412  INFO 72662 --- [SpringApplicationShutdownHook] j.LocalContainerEntityManagerFactoryBean : Closing JPA EntityManagerFactory for persistence unit 'default'
2025-02-11 09:59:21.414  INFO 72662 --- [SpringApplicationShutdownHook] com.zaxxer.hikari.HikariDataSource       : HikariPool-1 - Shutdown initiated...
2025-02-11 09:59:21.431  INFO 72662 --- [SpringApplicationShutdownHook] com.zaxxer.hikari.HikariDataSource       : HikariPool-1 - Shutdown completed.
2025-02-11 09:59:25.917  INFO 75010 --- [main] reAppointmentManagementSystemApplication : Starting HealthcareAppointmentManagementSystemApplication using Java 11.0.26 on ip-172-31-23-81 with PID 75010 (/home/ubuntu/root/server/target/classes started by ubuntu in /home/ubuntu/root/server)
2025-02-11 09:59:25.919  INFO 75010 --- [main] reAppointmentManagementSystemApplication : No active profile set, falling back to 1 default profile: "default"
2025-02-11 09:59:26.507  INFO 75010 --- [main] .s.d.r.c.RepositoryConfigurationDelegate : Bootstrapping Spring Data JPA repositories in DEFAULT mode.
2025-02-11 09:59:26.551  INFO 75010 --- [main] .s.d.r.c.RepositoryConfigurationDelegate : Finished Spring Data repository scanning in 38 ms. Found 6 JPA repository interfaces.
2025-02-11 09:59:26.945  INFO 75010 --- [main] o.s.b.w.embedded.tomcat.TomcatWebServer  : Tomcat initialized with port(s): 5000 (http)
2025-02-11 09:59:26.951  INFO 75010 --- [main] o.apache.catalina.core.StandardService   : Starting service [Tomcat]
2025-02-11 09:59:26.951  INFO 75010 --- [main] org.apache.catalina.core.StandardEngine  : Starting Servlet engine: [Apache Tomcat/9.0.82]
2025-02-11 09:59:27.010  INFO 75010 --- [main] o.a.c.c.C.[Tomcat].[localhost].[/]       : Initializing Spring embedded WebApplicationContext
2025-02-11 09:59:27.011  INFO 75010 --- [main] w.s.c.ServletWebServerApplicationContext : Root WebApplicationContext: initialization completed in 1038 ms
2025-02-11 09:59:27.122  INFO 75010 --- [main] o.hibernate.jpa.internal.util.LogHelper  : HHH000204: Processing PersistenceUnitInfo [name: default]
2025-02-11 09:59:27.142  INFO 75010 --- [main] org.hibernate.Version                    : HHH000412: Hibernate ORM core version 5.6.15.Final
2025-02-11 09:59:27.201  INFO 75010 --- [main] o.hibernate.annotations.common.Version   : HCANN000001: Hibernate Commons Annotations {5.1.2.Final}
2025-02-11 09:59:27.242  INFO 75010 --- [main] com.zaxxer.hikari.HikariDataSource       : HikariPool-1 - Starting...
2025-02-11 09:59:27.450  INFO 75010 --- [main] com.zaxxer.hikari.HikariDataSource       : HikariPool-1 - Start completed.
2025-02-11 09:59:27.456  INFO 75010 --- [main] org.hibernate.dialect.Dialect            : HHH000400: Using dialect: org.hibernate.dialect.MySQL5Dialect
2025-02-11 09:59:27.994  INFO 75010 --- [main] o.h.e.t.j.p.i.JtaPlatformInitiator       : HHH000490: Using JtaPlatform implementation: [org.hibernate.engine.transaction.jta.platform.internal.NoJtaPlatform]
2025-02-11 09:59:28.001  INFO 75010 --- [main] j.LocalContainerEntityManagerFactoryBean : Initialized JPA EntityManagerFactory for persistence unit 'default'
2025-02-11 09:59:28.339  WARN 75010 --- [main] JpaBaseConfiguration$JpaWebConfiguration : spring.jpa.open-in-view is enabled by default. Therefore, database queries may be performed during view rendering. Explicitly configure spring.jpa.open-in-view to disable this warning
2025-02-11 09:59:28.616  INFO 75010 --- [main] o.s.s.web.DefaultSecurityFilterChain     : Will secure any request with [org.springframework.security.web.session.DisableEncodeUrlFilter@6003eb60, org.springframework.security.web.context.request.async.WebAsyncManagerIntegrationFilter@571e2f15, org.springframework.security.web.context.SecurityContextPersistenceFilter@7169d668, org.springframework.security.web.header.HeaderWriterFilter@7bd1098, org.springframework.web.filter.CorsFilter@2552181d, org.springframework.security.web.authentication.logout.LogoutFilter@5b430541, com.wecp.healthcare_appointment_management_system.jwt.JwtRequestFilter@631678e6, org.springframework.security.web.savedrequest.RequestCacheAwareFilter@90394d, org.springframework.security.web.servletapi.SecurityContextHolderAwareRequestFilter@744f0e0b, org.springframework.security.web.authentication.AnonymousAuthenticationFilter@51d9fd30, org.springframework.security.web.session.SessionManagementFilter@78f4d15d, org.springframework.security.web.access.ExceptionTranslationFilter@446dacf9, org.springframework.security.web.access.intercept.FilterSecurityInterceptor@5e9671e6]
2025-02-11 09:59:28.765  INFO 75010 --- [main] o.s.b.w.embedded.tomcat.TomcatWebServer  : Tomcat started on port(s): 5000 (http) with context path ''
2025-02-11 09:59:28.772  INFO 75010 --- [main] reAppointmentManagementSystemApplication : Started HealthcareAppointmentManagementSystemApplication in 3.179 seconds (JVM running for 3.618)
2025-02-11 10:01:46.200  INFO 75010 --- [SpringApplicationShutdownHook] j.LocalContainerEntityManagerFactoryBean : Closing JPA EntityManagerFactory for persistence unit 'default'
2025-02-11 10:01:46.202  INFO 75010 --- [SpringApplicationShutdownHook] com.zaxxer.hikari.HikariDataSource       : HikariPool-1 - Shutdown initiated...
2025-02-11 10:01:46.213  INFO 75010 --- [SpringApplicationShutdownHook] com.zaxxer.hikari.HikariDataSource       : HikariPool-1 - Shutdown completed.
2025-02-11 10:01:55.037  INFO 76320 --- [main] reAppointmentManagementSystemApplication : Starting HealthcareAppointmentManagementSystemApplication using Java 11.0.26 on ip-172-31-23-81 with PID 76320 (/home/ubuntu/root/server/target/classes started by ubuntu in /home/ubuntu/root/server)
2025-02-11 10:01:55.039  INFO 76320 --- [main] reAppointmentManagementSystemApplication : No active profile set, falling back to 1 default profile: "default"
2025-02-11 10:01:55.710  INFO 76320 --- [main] .s.d.r.c.RepositoryConfigurationDelegate : Bootstrapping Spring Data JPA repositories in DEFAULT mode.
2025-02-11 10:01:55.755  INFO 76320 --- [main] .s.d.r.c.RepositoryConfigurationDelegate : Finished Spring Data repository scanning in 40 ms. Found 6 JPA repository interfaces.
2025-02-11 10:01:56.120  INFO 76320 --- [main] o.s.b.w.embedded.tomcat.TomcatWebServer  : Tomcat initialized with port(s): 5000 (http)
2025-02-11 10:01:56.126  INFO 76320 --- [main] o.apache.catalina.core.StandardService   : Starting service [Tomcat]
2025-02-11 10:01:56.126  INFO 76320 --- [main] org.apache.catalina.core.StandardEngine  : Starting Servlet engine: [Apache Tomcat/9.0.82]
2025-02-11 10:01:56.181  INFO 76320 --- [main] o.a.c.c.C.[Tomcat].[localhost].[/]       : Initializing Spring embedded WebApplicationContext
2025-02-11 10:01:56.181  INFO 76320 --- [main] w.s.c.ServletWebServerApplicationContext : Root WebApplicationContext: initialization completed in 1100 ms
2025-02-11 10:01:56.291  INFO 76320 --- [main] o.hibernate.jpa.internal.util.LogHelper  : HHH000204: Processing PersistenceUnitInfo [name: default]
2025-02-11 10:01:56.310  INFO 76320 --- [main] org.hibernate.Version                    : HHH000412: Hibernate ORM core version 5.6.15.Final
2025-02-11 10:01:56.367  INFO 76320 --- [main] o.hibernate.annotations.common.Version   : HCANN000001: Hibernate Commons Annotations {5.1.2.Final}
2025-02-11 10:01:56.410  INFO 76320 --- [main] com.zaxxer.hikari.HikariDataSource       : HikariPool-1 - Starting...
2025-02-11 10:01:56.661  INFO 76320 --- [main] com.zaxxer.hikari.HikariDataSource       : HikariPool-1 - Start completed.
2025-02-11 10:01:56.668  INFO 76320 --- [main] org.hibernate.dialect.Dialect            : HHH000400: Using dialect: org.hibernate.dialect.MySQL5Dialect
2025-02-11 10:01:57.242  INFO 76320 --- [main] o.h.e.t.j.p.i.JtaPlatformInitiator       : HHH000490: Using JtaPlatform implementation: [org.hibernate.engine.transaction.jta.platform.internal.NoJtaPlatform]
2025-02-11 10:01:57.249  INFO 76320 --- [main] j.LocalContainerEntityManagerFactoryBean : Initialized JPA EntityManagerFactory for persistence unit 'default'
2025-02-11 10:01:57.556  WARN 76320 --- [main] JpaBaseConfiguration$JpaWebConfiguration : spring.jpa.open-in-view is enabled by default. Therefore, database queries may be performed during view rendering. Explicitly configure spring.jpa.open-in-view to disable this warning
2025-02-11 10:01:57.834  INFO 76320 --- [main] o.s.s.web.DefaultSecurityFilterChain     : Will secure any request with [org.springframework.security.web.session.DisableEncodeUrlFilter@2f4fc18, org.springframework.security.web.context.request.async.WebAsyncManagerIntegrationFilter@7187078a, org.springframework.security.web.context.SecurityContextPersistenceFilter@47994b51, org.springframework.security.web.header.HeaderWriterFilter@6958d5d0, org.springframework.web.filter.CorsFilter@6e612122, org.springframework.security.web.authentication.logout.LogoutFilter@1e466d, com.wecp.healthcare_appointment_management_system.jwt.JwtRequestFilter@7f5e9949, org.springframework.security.web.savedrequest.RequestCacheAwareFilter@5020e5ab, org.springframework.security.web.servletapi.SecurityContextHolderAwareRequestFilter@1b6683c4, org.springframework.security.web.authentication.AnonymousAuthenticationFilter@1d38cdde, org.springframework.security.web.session.SessionManagementFilter@570127fa, org.springframework.security.web.access.ExceptionTranslationFilter@71cc0e35, org.springframework.security.web.access.intercept.FilterSecurityInterceptor@6003eb60]
2025-02-11 10:01:57.990  INFO 76320 --- [main] o.s.b.w.embedded.tomcat.TomcatWebServer  : Tomcat started on port(s): 5000 (http) with context path ''
2025-02-11 10:01:57.999  INFO 76320 --- [main] reAppointmentManagementSystemApplication : Started HealthcareAppointmentManagementSystemApplication in 3.288 seconds (JVM running for 3.704)
2025-02-11 10:02:29.214  INFO 76320 --- [http-nio-5000-exec-1] o.a.c.c.C.[Tomcat].[localhost].[/]       : Initializing Spring DispatcherServlet 'dispatcherServlet'
2025-02-11 10:02:29.216  INFO 76320 --- [http-nio-5000-exec-1] o.s.web.servlet.DispatcherServlet        : Initializing Servlet 'dispatcherServlet'
2025-02-11 10:02:29.217  INFO 76320 --- [http-nio-5000-exec-1] o.s.web.servlet.DispatcherServlet        : Completed initialization in 1 ms
2025-02-11 10:06:11.474  INFO 76320 --- [http-nio-5000-exec-6] c.w.h.service.UserService                : Login attempt for user: tony
2025-02-11 10:06:11.613  INFO 76320 --- [http-nio-5000-exec-6] c.w.h.service.UserService                : User logged in successfully: tony
2025-02-11 10:08:32.511  INFO 76320 --- [SpringApplicationShutdownHook] j.LocalContainerEntityManagerFactoryBean : Closing JPA EntityManagerFactory for persistence unit 'default'
2025-02-11 10:08:32.514  INFO 76320 --- [SpringApplicationShutdownHook] com.zaxxer.hikari.HikariDataSource       : HikariPool-1 - Shutdown initiated...
2025-02-11 10:08:32.524  INFO 76320 --- [SpringApplicationShutdownHook] com.zaxxer.hikari.HikariDataSource       : HikariPool-1 - Shutdown completed.
2025-02-11 10:08:36.687  INFO 79710 --- [main] reAppointmentManagementSystemApplication : Starting HealthcareAppointmentManagementSystemApplication using Java 11.0.26 on ip-172-31-23-81 with PID 79710 (/home/ubuntu/root/server/target/classes started by ubuntu in /home/ubuntu/root/server)
2025-02-11 10:08:36.691  INFO 79710 --- [main] reAppointmentManagementSystemApplication : No active profile set, falling back to 1 default profile: "default"
2025-02-11 10:08:37.253  INFO 79710 --- [main] .s.d.r.c.RepositoryConfigurationDelegate : Bootstrapping Spring Data JPA repositories in DEFAULT mode.
2025-02-11 10:08:37.298  INFO 79710 --- [main] .s.d.r.c.RepositoryConfigurationDelegate : Finished Spring Data repository scanning in 39 ms. Found 6 JPA repository interfaces.
2025-02-11 10:08:37.703  INFO 79710 --- [main] o.s.b.w.embedded.tomcat.TomcatWebServer  : Tomcat initialized with port(s): 5000 (http)
2025-02-11 10:08:37.708  INFO 79710 --- [main] o.apache.catalina.core.StandardService   : Starting service [Tomcat]
2025-02-11 10:08:37.708  INFO 79710 --- [main] org.apache.catalina.core.StandardEngine  : Starting Servlet engine: [Apache Tomcat/9.0.82]
2025-02-11 10:08:37.764  INFO 79710 --- [main] o.a.c.c.C.[Tomcat].[localhost].[/]       : Initializing Spring embedded WebApplicationContext
2025-02-11 10:08:37.764  INFO 79710 --- [main] w.s.c.ServletWebServerApplicationContext : Root WebApplicationContext: initialization completed in 1035 ms
2025-02-11 10:08:37.870  INFO 79710 --- [main] o.hibernate.jpa.internal.util.LogHelper  : HHH000204: Processing PersistenceUnitInfo [name: default]
2025-02-11 10:08:37.889  INFO 79710 --- [main] org.hibernate.Version                    : HHH000412: Hibernate ORM core version 5.6.15.Final
2025-02-11 10:08:37.947  INFO 79710 --- [main] o.hibernate.annotations.common.Version   : HCANN000001: Hibernate Commons Annotations {5.1.2.Final}
2025-02-11 10:08:37.988  INFO 79710 --- [main] com.zaxxer.hikari.HikariDataSource       : HikariPool-1 - Starting...
2025-02-11 10:08:38.196  INFO 79710 --- [main] com.zaxxer.hikari.HikariDataSource       : HikariPool-1 - Start completed.
2025-02-11 10:08:38.202  INFO 79710 --- [main] org.hibernate.dialect.Dialect            : HHH000400: Using dialect: org.hibernate.dialect.MySQL5Dialect
2025-02-11 10:08:38.771  INFO 79710 --- [main] o.h.e.t.j.p.i.JtaPlatformInitiator       : HHH000490: Using JtaPlatform implementation: [org.hibernate.engine.transaction.jta.platform.internal.NoJtaPlatform]
2025-02-11 10:08:38.779  INFO 79710 --- [main] j.LocalContainerEntityManagerFactoryBean : Initialized JPA EntityManagerFactory for persistence unit 'default'
2025-02-11 10:08:39.115  WARN 79710 --- [main] JpaBaseConfiguration$JpaWebConfiguration : spring.jpa.open-in-view is enabled by default. Therefore, database queries may be performed during view rendering. Explicitly configure spring.jpa.open-in-view to disable this warning
2025-02-11 10:08:39.407  INFO 79710 --- [main] o.s.s.web.DefaultSecurityFilterChain     : Will secure any request with [org.springframework.security.web.session.DisableEncodeUrlFilter@279e8bc0, org.springframework.security.web.context.request.async.WebAsyncManagerIntegrationFilter@23ffc910, org.springframework.security.web.context.SecurityContextPersistenceFilter@50caeb4b, org.springframework.security.web.header.HeaderWriterFilter@374ba492, org.springframework.web.filter.CorsFilter@35277c6c, org.springframework.security.web.authentication.logout.LogoutFilter@78829412, com.wecp.healthcare_appointment_management_system.jwt.JwtRequestFilter@5cf3a7f9, org.springframework.security.web.savedrequest.RequestCacheAwareFilter@c7c07ff, org.springframework.security.web.servletapi.SecurityContextHolderAwareRequestFilter@570127fa, org.springframework.security.web.authentication.AnonymousAuthenticationFilter@7a364e1c, org.springframework.security.web.session.SessionManagementFilter@7169d668, org.springframework.security.web.access.ExceptionTranslationFilter@2e1e7bc6, org.springframework.security.web.access.intercept.FilterSecurityInterceptor@51d9fd30]
2025-02-11 10:08:39.538  INFO 79710 --- [main] o.s.b.w.embedded.tomcat.TomcatWebServer  : Tomcat started on port(s): 5000 (http) with context path ''
2025-02-11 10:08:39.549  INFO 79710 --- [main] reAppointmentManagementSystemApplication : Started HealthcareAppointmentManagementSystemApplication in 3.187 seconds (JVM running for 3.433)
2025-02-11 10:08:58.020  INFO 79710 --- [http-nio-5000-exec-1] o.a.c.c.C.[Tomcat].[localhost].[/]       : Initializing Spring DispatcherServlet 'dispatcherServlet'
2025-02-11 10:08:58.021  INFO 79710 --- [http-nio-5000-exec-1] o.s.web.servlet.DispatcherServlet        : Initializing Servlet 'dispatcherServlet'
2025-02-11 10:08:58.022  INFO 79710 --- [http-nio-5000-exec-1] o.s.web.servlet.DispatcherServlet        : Completed initialization in 1 ms
2025-02-11 10:10:43.615  INFO 79710 --- [SpringApplicationShutdownHook] j.LocalContainerEntityManagerFactoryBean : Closing JPA EntityManagerFactory for persistence unit 'default'
2025-02-11 10:10:43.617  INFO 79710 --- [SpringApplicationShutdownHook] com.zaxxer.hikari.HikariDataSource       : HikariPool-1 - Shutdown initiated...
2025-02-11 10:10:43.629  INFO 79710 --- [SpringApplicationShutdownHook] com.zaxxer.hikari.HikariDataSource       : HikariPool-1 - Shutdown completed.
2025-02-11 10:10:47.945  INFO 81157 --- [main] reAppointmentManagementSystemApplication : Starting HealthcareAppointmentManagementSystemApplication using Java 11.0.26 on ip-172-31-23-81 with PID 81157 (/home/ubuntu/root/server/target/classes started by ubuntu in /home/ubuntu/root/server)
2025-02-11 10:10:47.948  INFO 81157 --- [main] reAppointmentManagementSystemApplication : No active profile set, falling back to 1 default profile: "default"
2025-02-11 10:10:48.497  INFO 81157 --- [main] .s.d.r.c.RepositoryConfigurationDelegate : Bootstrapping Spring Data JPA repositories in DEFAULT mode.
2025-02-11 10:10:48.546  INFO 81157 --- [main] .s.d.r.c.RepositoryConfigurationDelegate : Finished Spring Data repository scanning in 42 ms. Found 6 JPA repository interfaces.
2025-02-11 10:10:48.920  INFO 81157 --- [main] o.s.b.w.embedded.tomcat.TomcatWebServer  : Tomcat initialized with port(s): 5000 (http)
2025-02-11 10:10:48.925  INFO 81157 --- [main] o.apache.catalina.core.StandardService   : Starting service [Tomcat]
2025-02-11 10:10:48.925  INFO 81157 --- [main] org.apache.catalina.core.StandardEngine  : Starting Servlet engine: [Apache Tomcat/9.0.82]
2025-02-11 10:10:48.980  INFO 81157 --- [main] o.a.c.c.C.[Tomcat].[localhost].[/]       : Initializing Spring embedded WebApplicationContext
2025-02-11 10:10:48.981  INFO 81157 --- [main] w.s.c.ServletWebServerApplicationContext : Root WebApplicationContext: initialization completed in 990 ms
2025-02-11 10:10:49.086  INFO 81157 --- [main] o.hibernate.jpa.internal.util.LogHelper  : HHH000204: Processing PersistenceUnitInfo [name: default]
2025-02-11 10:10:49.106  INFO 81157 --- [main] org.hibernate.Version                    : HHH000412: Hibernate ORM core version 5.6.15.Final
2025-02-11 10:10:49.164  INFO 81157 --- [main] o.hibernate.annotations.common.Version   : HCANN000001: Hibernate Commons Annotations {5.1.2.Final}
2025-02-11 10:10:49.206  INFO 81157 --- [main] com.zaxxer.hikari.HikariDataSource       : HikariPool-1 - Starting...
2025-02-11 10:10:49.434  INFO 81157 --- [main] com.zaxxer.hikari.HikariDataSource       : HikariPool-1 - Start completed.
2025-02-11 10:10:49.443  INFO 81157 --- [main] org.hibernate.dialect.Dialect            : HHH000400: Using dialect: org.hibernate.dialect.MySQL5Dialect
2025-02-11 10:10:50.038  INFO 81157 --- [main] o.h.e.t.j.p.i.JtaPlatformInitiator       : HHH000490: Using JtaPlatform implementation: [org.hibernate.engine.transaction.jta.platform.internal.NoJtaPlatform]
2025-02-11 10:10:50.045  INFO 81157 --- [main] j.LocalContainerEntityManagerFactoryBean : Initialized JPA EntityManagerFactory for persistence unit 'default'
2025-02-11 10:10:50.468  WARN 81157 --- [main] JpaBaseConfiguration$JpaWebConfiguration : spring.jpa.open-in-view is enabled by default. Therefore, database queries may be performed during view rendering. Explicitly configure spring.jpa.open-in-view to disable this warning
2025-02-11 10:10:50.799  INFO 81157 --- [main] o.s.s.web.DefaultSecurityFilterChain     : Will secure any request with [org.springframework.security.web.session.DisableEncodeUrlFilter@2552181d, org.springframework.security.web.context.request.async.WebAsyncManagerIntegrationFilter@51d9fd30, org.springframework.security.web.context.SecurityContextPersistenceFilter@7169d668, org.springframework.security.web.header.HeaderWriterFilter@7bd1098, org.springframework.web.filter.CorsFilter@2e7e4480, org.springframework.security.web.authentication.logout.LogoutFilter@5b430541, com.wecp.healthcare_appointment_management_system.jwt.JwtRequestFilter@75c15f76, org.springframework.security.web.savedrequest.RequestCacheAwareFilter@90394d, org.springframework.security.web.servletapi.SecurityContextHolderAwareRequestFilter@744f0e0b, org.springframework.security.web.authentication.AnonymousAuthenticationFilter@8beb0dd, org.springframework.security.web.session.SessionManagementFilter@78f4d15d, org.springframework.security.web.access.ExceptionTranslationFilter@446dacf9, org.springframework.security.web.access.intercept.FilterSecurityInterceptor@7ec8db0c]
2025-02-11 10:10:50.933  INFO 81157 --- [main] o.s.b.w.embedded.tomcat.TomcatWebServer  : Tomcat started on port(s): 5000 (http) with context path ''
2025-02-11 10:10:50.941  INFO 81157 --- [main] reAppointmentManagementSystemApplication : Started HealthcareAppointmentManagementSystemApplication in 3.321 seconds (JVM running for 3.603)
2025-02-11 10:11:24.356  INFO 81157 --- [http-nio-5000-exec-1] o.a.c.c.C.[Tomcat].[localhost].[/]       : Initializing Spring DispatcherServlet 'dispatcherServlet'
2025-02-11 10:11:24.356  INFO 81157 --- [http-nio-5000-exec-1] o.s.web.servlet.DispatcherServlet        : Initializing Servlet 'dispatcherServlet'
2025-02-11 10:11:24.357  INFO 81157 --- [http-nio-5000-exec-1] o.s.web.servlet.DispatcherServlet        : Completed initialization in 1 ms
2025-02-11 10:12:06.350  INFO 81157 --- [http-nio-5000-exec-3] c.w.h.service.UserService                : Login attempt for user: tony
2025-02-11 10:12:06.457  INFO 81157 --- [http-nio-5000-exec-3] c.w.h.service.UserService                : User logged in successfully: tony
2025-02-11 11:11:50.992  INFO 81157 --- [SpringApplicationShutdownHook] j.LocalContainerEntityManagerFactoryBean : Closing JPA EntityManagerFactory for persistence unit 'default'
2025-02-11 11:11:50.994  INFO 81157 --- [SpringApplicationShutdownHook] com.zaxxer.hikari.HikariDataSource       : HikariPool-1 - Shutdown initiated...
2025-02-11 11:11:51.000  INFO 81157 --- [SpringApplicationShutdownHook] com.zaxxer.hikari.HikariDataSource       : HikariPool-1 - Shutdown completed.
2025-02-11 11:11:54.970  INFO 106064 --- [main] reAppointmentManagementSystemApplication : Starting HealthcareAppointmentManagementSystemApplication using Java 11.0.26 on ip-172-31-23-81 with PID 106064 (/home/ubuntu/root/server/target/classes started by ubuntu in /home/ubuntu/root/server)
2025-02-11 11:11:54.972  INFO 106064 --- [main] reAppointmentManagementSystemApplication : No active profile set, falling back to 1 default profile: "default"
2025-02-11 11:11:55.563  INFO 106064 --- [main] .s.d.r.c.RepositoryConfigurationDelegate : Bootstrapping Spring Data JPA repositories in DEFAULT mode.
2025-02-11 11:11:55.615  INFO 106064 --- [main] .s.d.r.c.RepositoryConfigurationDelegate : Finished Spring Data repository scanning in 46 ms. Found 6 JPA repository interfaces.
2025-02-11 11:11:56.113  INFO 106064 --- [main] o.s.b.w.embedded.tomcat.TomcatWebServer  : Tomcat initialized with port(s): 5000 (http)
2025-02-11 11:11:56.118  INFO 106064 --- [main] o.apache.catalina.core.StandardService   : Starting service [Tomcat]
2025-02-11 11:11:56.119  INFO 106064 --- [main] org.apache.catalina.core.StandardEngine  : Starting Servlet engine: [Apache Tomcat/9.0.82]
2025-02-11 11:11:56.174  INFO 106064 --- [main] o.a.c.c.C.[Tomcat].[localhost].[/]       : Initializing Spring embedded WebApplicationContext
2025-02-11 11:11:56.174  INFO 106064 --- [main] w.s.c.ServletWebServerApplicationContext : Root WebApplicationContext: initialization completed in 1138 ms
2025-02-11 11:11:56.284  INFO 106064 --- [main] o.hibernate.jpa.internal.util.LogHelper  : HHH000204: Processing PersistenceUnitInfo [name: default]
2025-02-11 11:11:56.304  INFO 106064 --- [main] org.hibernate.Version                    : HHH000412: Hibernate ORM core version 5.6.15.Final
2025-02-11 11:11:56.365  INFO 106064 --- [main] o.hibernate.annotations.common.Version   : HCANN000001: Hibernate Commons Annotations {5.1.2.Final}
2025-02-11 11:11:56.408  INFO 106064 --- [main] com.zaxxer.hikari.HikariDataSource       : HikariPool-1 - Starting...
2025-02-11 11:11:56.627  INFO 106064 --- [main] com.zaxxer.hikari.HikariDataSource       : HikariPool-1 - Start completed.
2025-02-11 11:11:56.636  INFO 106064 --- [main] org.hibernate.dialect.Dialect            : HHH000400: Using dialect: org.hibernate.dialect.MySQL5Dialect
2025-02-11 11:11:57.273  INFO 106064 --- [main] o.h.e.t.j.p.i.JtaPlatformInitiator       : HHH000490: Using JtaPlatform implementation: [org.hibernate.engine.transaction.jta.platform.internal.NoJtaPlatform]
2025-02-11 11:11:57.281  INFO 106064 --- [main] j.LocalContainerEntityManagerFactoryBean : Initialized JPA EntityManagerFactory for persistence unit 'default'
2025-02-11 11:11:57.648  WARN 106064 --- [main] JpaBaseConfiguration$JpaWebConfiguration : spring.jpa.open-in-view is enabled by default. Therefore, database queries may be performed during view rendering. Explicitly configure spring.jpa.open-in-view to disable this warning
2025-02-11 11:11:57.944  INFO 106064 --- [main] o.s.s.web.DefaultSecurityFilterChain     : Will secure any request with [org.springframework.security.web.session.DisableEncodeUrlFilter@16745abd, org.springframework.security.web.context.request.async.WebAsyncManagerIntegrationFilter@4d793390, org.springframework.security.web.context.SecurityContextPersistenceFilter@570127fa, org.springframework.security.web.header.HeaderWriterFilter@3b6c740b, org.springframework.web.filter.CorsFilter@3a359f7c, org.springframework.security.web.authentication.logout.LogoutFilter@7e43b342, com.wecp.healthcare_appointment_management_system.jwt.JwtRequestFilter@42db955e, org.springframework.security.web.savedrequest.RequestCacheAwareFilter@2ffcdc9b, org.springframework.security.web.servletapi.SecurityContextHolderAwareRequestFilter@161c9468, org.springframework.security.web.authentication.AnonymousAuthenticationFilter@138b9abe, org.springframework.security.web.session.SessionManagementFilter@744f0e0b, org.springframework.security.web.access.ExceptionTranslationFilter@1cdad619, org.springframework.security.web.access.intercept.FilterSecurityInterceptor@3d99d327]
2025-02-11 11:11:58.100  INFO 106064 --- [main] o.s.b.w.embedded.tomcat.TomcatWebServer  : Tomcat started on port(s): 5000 (http) with context path ''
2025-02-11 11:11:58.109  INFO 106064 --- [main] reAppointmentManagementSystemApplication : Started HealthcareAppointmentManagementSystemApplication in 3.472 seconds (JVM running for 3.77)
2025-02-11 11:12:17.947  INFO 106064 --- [http-nio-5000-exec-1] o.a.c.c.C.[Tomcat].[localhost].[/]       : Initializing Spring DispatcherServlet 'dispatcherServlet'
2025-02-11 11:12:17.947  INFO 106064 --- [http-nio-5000-exec-1] o.s.web.servlet.DispatcherServlet        : Initializing Servlet 'dispatcherServlet'
2025-02-11 11:12:17.948  INFO 106064 --- [http-nio-5000-exec-1] o.s.web.servlet.DispatcherServlet        : Completed initialization in 1 ms
2025-02-11 12:28:31.038  INFO 106064 --- [SpringApplicationShutdownHook] j.LocalContainerEntityManagerFactoryBean : Closing JPA EntityManagerFactory for persistence unit 'default'
2025-02-11 12:28:31.040  INFO 106064 --- [SpringApplicationShutdownHook] com.zaxxer.hikari.HikariDataSource       : HikariPool-1 - Shutdown initiated...
2025-02-11 12:28:31.045  INFO 106064 --- [SpringApplicationShutdownHook] com.zaxxer.hikari.HikariDataSource       : HikariPool-1 - Shutdown completed.
